<?xml version="1.0" encoding="UTF-8"?>
<!-- Generated by org.testng.reporters.JUnitXMLReporter -->
<testsuite ignored="1" hostname="DESKTOP-T64MA69" failures="0" tests="1" name="Default test" time="0.257" errors="0" timestamp="2024-11-05T00:07:51 IST">
  <testcase classname="day5.SerializationAndDeserialization" name="convertJson2Pojo" time="0.227"/>
  <testcase classname="day5.SerializationAndDeserialization" name="convertPojo2Json" time="0.0">
    <ignored/>
  </testcase> <!-- convertPojo2Json -->
</testsuite> <!-- Default test -->
