<?xml version="1.0" encoding="UTF-8"?>
<!-- Generated by org.testng.reporters.JUnitXMLReporter -->
<testsuite ignored="2" hostname="DESKTOP-T64MA69" failures="0" tests="1" name="Default test" time="1.219" errors="0" timestamp="2024-11-03T01:02:15 IST">
  <testcase classname="day4.FileUploadAndDownload" name="fileDownload" time="1.173"/>
  <testcase classname="day4.FileUploadAndDownload" name="singleFileUpload" time="0.0">
    <ignored/>
  </testcase> <!-- singleFileUpload -->
  <testcase classname="day4.FileUploadAndDownload" name="multipleFileUpload" time="0.0">
    <ignored/>
  </testcase> <!-- multipleFileUpload -->
</testsuite> <!-- Default test -->
