<?xml version="1.0" encoding="UTF-8"?>
<!-- Generated by org.testng.reporters.JUnitXMLReporter -->
<testsuite ignored="0" hostname="DESKTOP-T64MA69" failures="0" tests="4" name="TestTwo" time="3.351" errors="0" timestamp="2024-11-06T01:05:14 IST">
  <testcase classname="day7.CreateUser" name="createUser" time="2.168"/>
  <testcase classname="day7.Getuser" name="getUser" time="0.448"/>
  <testcase classname="day7.UpdateUser" name="updateUser" time="0.273"/>
  <testcase classname="day7.DeleteUser" name="deleteUserTest" time="0.421"/>
</testsuite> <!-- TestTwo -->
