<?xml version="1.0" encoding="UTF-8"?>
<!-- Generated by org.testng.reporters.JUnitXMLReporter -->
<testsuite ignored="0" hostname="DESKTOP-T64MA69" failures="0" tests="4" name="Test" time="3.197" errors="0" timestamp="2024-11-06T00:54:09 IST">
  <testcase classname="day7.CreateUser" name="createUser" time="2.285"/>
  <testcase classname="day7.Getuser" name="getUser" time="0.328"/>
  <testcase classname="day7.UpdateUser" name="updateUser" time="0.302"/>
  <testcase classname="day7.DeleteUser" name="deleteUserTest" time="0.243"/>
</testsuite> <!-- Test -->
