<?xml version="1.0" encoding="UTF-8"?>
<testng-results ignored="2" total="3" passed="1" failed="0" skipped="0">
  <reporter-output>
  </reporter-output>
  <suite started-at="2024-11-03T01:02:13 IST" name="Default suite" finished-at="2024-11-03T01:02:15 IST" duration-ms="1219">
    <groups>
    </groups>
    <test started-at="2024-11-03T01:02:13 IST" name="Default test" finished-at="2024-11-03T01:02:15 IST" duration-ms="1219">
      <class name="day4.FileUploadAndDownload">
        <test-method signature="fileDownload()[pri:0, instance:day4.FileUploadAndDownload@15ff3e9e]" started-at="2024-11-03T01:02:13 IST" name="fileDownload" finished-at="2024-11-03T01:02:15 IST" duration-ms="1173" status="PASS">
          <reporter-output>
          </reporter-output>
        </test-method> <!-- fileDownload -->
      </class> <!-- day4.FileUploadAndDownload -->
    </test> <!-- Default test -->
  </suite> <!-- Default suite -->
</testng-results>
