<?xml version="1.0" encoding="UTF-8"?>
<testng-results ignored="0" total="1" passed="1" failed="0" skipped="0">
  <reporter-output>
  </reporter-output>
  <suite started-at="2024-11-05T22:45:46 IST" name="Default suite" finished-at="2024-11-05T22:45:46 IST" duration-ms="212">
    <groups>
    </groups>
    <test started-at="2024-11-05T22:45:46 IST" name="Default test" finished-at="2024-11-05T22:45:46 IST" duration-ms="212">
      <class name="day6.FakeDataGenerater">
        <test-method signature="dataGenerator()[pri:0, instance:day6.FakeDataGenerater@42e99e4a]" started-at="2024-11-05T22:45:46 IST" name="dataGenerator" description="testOne" finished-at="2024-11-05T22:45:46 IST" duration-ms="176" status="PASS">
          <reporter-output>
          </reporter-output>
        </test-method> <!-- dataGenerator -->
      </class> <!-- day6.FakeDataGenerater -->
    </test> <!-- Default test -->
  </suite> <!-- Default suite -->
</testng-results>
